\BOOKMARK [1][-]{section.1}{Introduction}{}% 1
\BOOKMARK [1][-]{section.2}{Sequential\040game\040tree\040search}{}% 2
\BOOKMARK [2][-]{subsection.2.1}{Minimax\040game\040tree\040search}{section.2}% 3
\BOOKMARK [2][-]{subsection.2.2}{Alpha-beta\040pruning}{section.2}% 4
\BOOKMARK [2][-]{subsection.2.3}{Alpha-beta\040enhancement}{section.2}% 5
\BOOKMARK [3][-]{subsubsection.2.3.1}{Transposition\040table}{subsection.2.3}% 6
\BOOKMARK [3][-]{subsubsection.2.3.2}{Killer\040heuristic}{subsection.2.3}% 7
\BOOKMARK [2][-]{subsection.2.4}{Evaluation\040function}{section.2}% 8
\BOOKMARK [1][-]{section.3}{Board\040representation}{}% 9
\BOOKMARK [2][-]{subsubsection.3.0.1}{Bitboard}{section.3}% 10
\BOOKMARK [3][-]{subsubsection.3.0.2}{1D\040array}{subsubsection.3.0.1}% 11
\BOOKMARK [1][-]{section.4}{Parallel\040Game\040Tree\040Search}{}% 12
\BOOKMARK [2][-]{subsection.4.1}{Naive\040Parallel\040Alpha-Beta}{section.4}% 13
\BOOKMARK [3][-]{subsubsection.4.1.1}{Tree-decomposition\040models}{subsection.4.1}% 14
\BOOKMARK [3][-]{subsubsection.4.1.2}{Evaluation}{subsection.4.1}% 15
\BOOKMARK [2][-]{subsection.4.2}{Combining\040OpenMP\040&\040MPI}{section.4}% 16
\BOOKMARK [3][-]{subsubsection.4.2.1}{Overview}{subsection.4.2}% 17
\BOOKMARK [3][-]{subsubsection.4.2.2}{Hybrid\040programming\040styles}{subsection.4.2}% 18
\BOOKMARK [3][-]{subsubsection.4.2.3}{Benefits}{subsection.4.2}% 19
\BOOKMARK [3][-]{subsubsection.4.2.4}{Evaluation}{subsection.4.2}% 20
\BOOKMARK [3][-]{subsubsection.4.2.5}{Disadvantages}{subsection.4.2}% 21
\BOOKMARK [2][-]{subsection.4.3}{PVS\040\(Principle\040Variation\040Split\)}{section.4}% 22
\BOOKMARK [2][-]{subsection.4.4}{YBWC\040\(Young\040Brother\040Wait\040Concept\)}{section.4}% 23
\BOOKMARK [2][-]{subsection.4.5}{Better\040load\040distribution\040strategy}{section.4}% 24
\BOOKMARK [1][-]{section.5}{Tabulation\040of\040data}{}% 25
\BOOKMARK [2][-]{subsection.5.1}{Evaluation\040criteria\040for\040parallel\040algorithms}{section.5}% 26
\BOOKMARK [2][-]{subsection.5.2}{Speedup\040vs\040depth\040of\040tree}{section.5}% 27
\BOOKMARK [2][-]{subsection.5.3}{Per-processor\040elapsed\040time}{section.5}% 28
\BOOKMARK [2][-]{subsection.5.4}{Efficiency}{section.5}% 29
\BOOKMARK [2][-]{subsection.5.5}{Performance\040of\040parallel\040algorithm}{section.5}% 30
\BOOKMARK [2][-]{subsection.5.6}{Nodes\040per\040second}{section.5}% 31
\BOOKMARK [2][-]{subsection.5.7}{Board\040size\040vs\040depth}{section.5}% 32
\BOOKMARK [2][-]{subsection.5.8}{Parallel\040performance\040of\040PV\040split}{section.5}% 33
\BOOKMARK [1][-]{section.6}{Discussion}{}% 34
\BOOKMARK [2][-]{subsection.6.1}{Split\040model}{section.6}% 35
\BOOKMARK [2][-]{subsection.6.2}{Hybrid\040vs\040Pure\040MPI}{section.6}% 36
\BOOKMARK [2][-]{subsection.6.3}{Comparison\040of\040parallel\040search}{section.6}% 37
